This file contains any messages produced by compilers while
running configure, to aid debugging if configure makes a mistake.

configure:562: checking for a BSD compatible install
configure:616: checking how to run the C preprocessor
configure:637: gcc -E  conftest.c >/dev/null 2>conftest.out
configure:677: checking whether make sets ${MAKE}
configure:706: checking for gcc
configure:783: checking whether the C compiler (gcc -g -O2 -W -Wall ) works
configure:797: gcc -o conftest -g -O2 -W -Wall   conftest.c  1>&5
configure:794:1: warning: return type defaults to 'int' [-Wimplicit-int]
 main(){return(0);}
 ^
configure:817: checking whether the C compiler (gcc -g -O2 -W -Wall ) is a cross-compiler
configure:822: checking whether we are using GNU C
configure:831: gcc -E conftest.c
configure:846: checking whether gcc accepts -g
configure:876: checking for ranlib
configure:903: checking for POSIXized ISC
configure:924: checking for ANSI C header files
configure:937: gcc -E  conftest.c >/dev/null 2>conftest.out
configure:1004: gcc -o conftest -g -O2 -W -Wall   conftest.c  1>&5
configure: In function 'main':
configure:999:67: warning: implicit declaration of function 'exit' [-Wimplicit-function-declaration]
 if (XOR (islower (i), ISLOWER (i)) || toupper (i) != TOUPPER (i)) exit(2);
                                                                   ^
configure:999:67: warning: incompatible implicit declaration of built-in function 'exit'
configure:999:67: note: include '<stdlib.h>' or provide a declaration of 'exit'
configure:1000:1: warning: incompatible implicit declaration of built-in function 'exit'
 exit (0); }
 ^
configure:1000:1: note: include '<stdlib.h>' or provide a declaration of 'exit'
configure:1028: checking for working const
configure:1082: gcc -c -g -O2 -W -Wall  conftest.c 1>&5
configure: In function 'main':
configure:1056:15: warning: unused variable 's' [-Wunused-variable]
   char const *s = 0 ? (char *) 0 : (char const *) 0;
               ^
configure:1076:13: warning: unused variable 'foo' [-Wunused-variable]
   const int foo = 10;
             ^
configure:1044:27: warning: unused variable 'zero' [-Wunused-variable]
 static struct point const zero = {0,0};
                           ^
configure:1038:39: warning: unused variable 'x' [-Wunused-variable]
 typedef int charset[2]; const charset x;
                                       ^
configure:1058:5: warning: 't' is used uninitialized in this function [-Wuninitialized]
   *t++ = 0;
     ^
configure:1073:21: warning: 'b' is used uninitialized in this function [-Wuninitialized]
   struct s *b; b->j = 5;
                     ^
configure:1103: checking for inline
configure:1117: gcc -c -g -O2 -W -Wall  conftest.c 1>&5
configure:1113:10: warning: return type defaults to 'int' [-Wimplicit-int]
 } $ac_kw foo() {
          ^
configure:1143: checking for off_t
configure:1176: checking for size_t
configure:1211: checking for working alloca.h
configure:1223: gcc -o conftest -g -O2 -W -Wall   conftest.c  1>&5
configure: In function 'main':
configure:1219:7: warning: unused variable 'p' [-Wunused-variable]
 char *p = alloca(2 * sizeof(int));
       ^
configure:1244: checking for alloca
configure:1272: gcc -o conftest -g -O2 -W -Wall   conftest.c  1>&5
configure: In function 'main':
configure:1268:7: warning: unused variable 'p' [-Wunused-variable]
 char *p = (char *) alloca(1);
       ^
configure:1441: checking for unistd.h
configure:1451: gcc -E  conftest.c >/dev/null 2>conftest.out
configure:1480: checking for getpagesize
configure:1508: gcc -o conftest -g -O2 -W -Wall   conftest.c  1>&5
configure:1533: checking for working mmap
configure:1681: gcc -o conftest -g -O2 -W -Wall   conftest.c  1>&5
configure:1612:7: warning: conflicting types for built-in function 'malloc'
 char *malloc();
       ^
configure: In function 'main':
configure:1622:13: warning: implicit declaration of function 'getpagesize' [-Wimplicit-function-declaration]
  pagesize = getpagesize();
             ^
configure:1629:3: warning: implicit declaration of function 'exit' [-Wimplicit-function-declaration]
   exit(1);
   ^
configure:1629:3: warning: incompatible implicit declaration of built-in function 'exit'
configure:1629:3: note: include '<stdlib.h>' or provide a declaration of 'exit'
configure:1631:17: warning: implicit declaration of function 'rand' [-Wimplicit-function-declaration]
   *(data + i) = rand();
                 ^
configure:1632:2: warning: implicit declaration of function 'umask' [-Wimplicit-function-declaration]
  umask(0);
  ^
configure:1635:3: warning: incompatible implicit declaration of built-in function 'exit'
   exit(1);
   ^
configure:1635:3: note: include '<stdlib.h>' or provide a declaration of 'exit'
configure:1636:6: warning: implicit declaration of function 'write' [-Wimplicit-function-declaration]
  if (write(fd, data, pagesize) != pagesize)
      ^
configure:1637:3: warning: incompatible implicit declaration of built-in function 'exit'
   exit(1);
   ^
configure:1637:3: note: include '<stdlib.h>' or provide a declaration of 'exit'
configure:1638:2: warning: implicit declaration of function 'close' [-Wimplicit-function-declaration]
  close(fd);
  ^
configure:1647:3: warning: incompatible implicit declaration of built-in function 'exit'
   exit(1);
   ^
configure:1647:3: note: include '<stdlib.h>' or provide a declaration of 'exit'
configure:1650:3: warning: incompatible implicit declaration of built-in function 'exit'
   exit(1);
   ^
configure:1650:3: note: include '<stdlib.h>' or provide a declaration of 'exit'
configure:1651:24: warning: cast from pointer to integer of different size [-Wpointer-to-int-cast]
  data2 += (pagesize - ((int) data2 & (pagesize - 1))) & (pagesize - 1);
                        ^
configure:1654:3: warning: incompatible implicit declaration of built-in function 'exit'
   exit(1);
   ^
configure:1654:3: note: include '<stdlib.h>' or provide a declaration of 'exit'
configure:1657:4: warning: incompatible implicit declaration of built-in function 'exit'
    exit(1);
    ^
configure:1657:4: note: include '<stdlib.h>' or provide a declaration of 'exit'
configure:1668:3: warning: incompatible implicit declaration of built-in function 'exit'
   exit(1);
   ^
configure:1668:3: note: include '<stdlib.h>' or provide a declaration of 'exit'
configure:1669:6: warning: implicit declaration of function 'read' [-Wimplicit-function-declaration]
  if (read(fd, data3, pagesize) != pagesize)
      ^
configure:1670:3: warning: incompatible implicit declaration of built-in function 'exit'
   exit(1);
   ^
configure:1670:3: note: include '<stdlib.h>' or provide a declaration of 'exit'
configure:1673:4: warning: incompatible implicit declaration of built-in function 'exit'
    exit(1);
    ^
configure:1673:4: note: include '<stdlib.h>' or provide a declaration of 'exit'
configure:1675:2: warning: implicit declaration of function 'unlink' [-Wimplicit-function-declaration]
  unlink("conftestmmap");
  ^
configure:1676:2: warning: incompatible implicit declaration of built-in function 'exit'
  exit(0);
  ^
configure:1676:2: note: include '<stdlib.h>' or provide a declaration of 'exit'
configure:1709: checking for argz.h
configure:1719: gcc -E  conftest.c >/dev/null 2>conftest.out
configure:1709: checking for limits.h
configure:1719: gcc -E  conftest.c >/dev/null 2>conftest.out
configure:1709: checking for locale.h
configure:1719: gcc -E  conftest.c >/dev/null 2>conftest.out
configure:1709: checking for nl_types.h
configure:1719: gcc -E  conftest.c >/dev/null 2>conftest.out
configure:1709: checking for malloc.h
configure:1719: gcc -E  conftest.c >/dev/null 2>conftest.out
configure:1709: checking for string.h
configure:1719: gcc -E  conftest.c >/dev/null 2>conftest.out
configure:1709: checking for unistd.h
configure:1709: checking for values.h
configure:1719: gcc -E  conftest.c >/dev/null 2>conftest.out
configure:1709: checking for sys/param.h
configure:1719: gcc -E  conftest.c >/dev/null 2>conftest.out
configure:1749: checking for getcwd
configure:1777: gcc -o conftest -g -O2 -W -Wall   conftest.c  1>&5
configure:1749: checking for munmap
configure:1777: gcc -o conftest -g -O2 -W -Wall   conftest.c  1>&5
configure:1749: checking for putenv
configure:1777: gcc -o conftest -g -O2 -W -Wall   conftest.c  1>&5
configure:1749: checking for setenv
configure:1777: gcc -o conftest -g -O2 -W -Wall   conftest.c  1>&5
configure:1749: checking for setlocale
configure:1777: gcc -o conftest -g -O2 -W -Wall   conftest.c  1>&5
configure:1749: checking for strchr
configure:1777: gcc -o conftest -g -O2 -W -Wall   conftest.c  1>&5
configure:1761:6: warning: conflicting types for built-in function 'strchr'
 char $ac_func();
      ^
configure:1749: checking for strcasecmp
configure:1777: gcc -o conftest -g -O2 -W -Wall   conftest.c  1>&5
configure:1761:6: warning: conflicting types for built-in function 'strcasecmp'
 char $ac_func();
      ^
configure:1749: checking for __argz_count
configure:1777: gcc -o conftest -g -O2 -W -Wall   conftest.c  1>&5
configure:1749: checking for __argz_stringify
configure:1777: gcc -o conftest -g -O2 -W -Wall   conftest.c  1>&5
configure:1749: checking for __argz_next
configure:1777: gcc -o conftest -g -O2 -W -Wall   conftest.c  1>&5
configure:1806: checking for stpcpy
configure:1834: gcc -o conftest -g -O2 -W -Wall   conftest.c  1>&5
configure:1818:6: warning: conflicting types for built-in function 'stpcpy'
 char $ac_func();
      ^
configure:1868: checking for LC_MESSAGES
configure:1880: gcc -o conftest -g -O2 -W -Wall   conftest.c  1>&5
configure:1901: checking whether NLS is requested
configure:1921: checking whether included gettext is requested
configure:1940: checking for libintl.h
configure:1950: gcc -E  conftest.c >/dev/null 2>conftest.out
configure:1967: checking for gettext in libc
configure:1979: gcc -o conftest -g -O2 -W -Wall   conftest.c  1>&5
configure: In function 'main':
configure:1975:8: warning: cast from pointer to integer of different size [-Wpointer-to-int-cast]
 return (int) gettext ("")
        ^
configure:2070: checking for msgfmt
configure:2104: checking for dcgettext
configure:2132: gcc -o conftest -g -O2 -W -Wall   conftest.c  1>&5
configure:2116:6: warning: conflicting types for built-in function 'dcgettext'
 char $ac_func();
      ^
configure:2159: checking for gmsgfmt
configure:2194: checking for xgettext
configure:2234: gcc -o conftest -g -O2 -W -Wall   conftest.c  1>&5
